<?xml version="1.0" encoding="UTF-8"?>
<!-- Generated by org.testng.reporters.JUnitReportReporter -->
<testsuite hostname="DESKTOP-0RPD1E9" failures="0" tests="6" name="com.automationscript.TeckArchTests" time="43.332" errors="0" timestamp="2022-10-01T09:54:48 PDT" skipped="0">
  <testcase classname="com.automationscript.TeckArchTests" name="TC05" time="5.362"/>
  <system-out/>
  <testcase classname="com.automationscript.TeckArchTests" name="TC06_a" time="10.612"/>
  <system-out/>
  <testcase classname="com.automationscript.TeckArchTests" name="TC08" time="2.194"/>
  <system-out/>
  <testcase classname="com.automationscript.TeckArchTests" name="TC09" time="2.566"/>
  <system-out/>
  <testcase classname="com.automationscript.TeckArchTests" name="TC07" time="11.271"/>
  <system-out/>
  <testcase classname="com.automationscript.TeckArchTests" name="TC06_b" time="11.327"/>
  <system-out/>
</testsuite> <!-- com.automationscript.TeckArchTests -->
