<?xml version="1.0" encoding="UTF-8"?>
<!-- Generated by org.testng.reporters.JUnitReportReporter -->
<testsuite hostname="DESKTOP-0RPD1E9" failures="0" tests="2" name="com.automationscript.TekArchTestOpp" time="27.383" errors="0" timestamp="2022-10-01T15:59:15 PDT" skipped="0">
  <testcase classname="com.automationscript.TekArchTestOpp" name="TC19" time="11.689"/>
  <system-out/>
  <testcase classname="com.automationscript.TekArchTestOpp" name="TC16" time="15.694"/>
  <system-out/>
</testsuite> <!-- com.automationscript.TekArchTestOpp -->
