<?xml version="1.0" encoding="UTF-8"?>
<!-- Generated by org.testng.reporters.JUnitReportReporter -->
<testsuite hostname="DESKTOP-0RPD1E9" failures="0" tests="5" name="com.automationscript.TeckArchTestsLogin" time="36.665" errors="0" timestamp="2022-10-01T19:04:27 PDT" skipped="0">
  <testcase classname="com.automationscript.TeckArchTestsLogin" name="loginSuccess" time="8.586"/>
  <system-out/>
  <testcase classname="com.automationscript.TeckArchTestsLogin" name="loginFailure" time="4.911"/>
  <system-out/>
  <testcase classname="com.automationscript.TeckArchTestsLogin" name="forgetpassword" time="6.032"/>
  <system-out/>
  <testcase classname="com.automationscript.TeckArchTestsLogin" name="forgetpassword4" time="4.495"/>
  <system-out/>
  <testcase classname="com.automationscript.TeckArchTestsLogin" name="rememberMe" time="12.641"/>
  <system-out/>
</testsuite> <!-- com.automationscript.TeckArchTestsLogin -->
