<?xml version="1.0" encoding="UTF-8"?>
<!-- Generated by org.testng.reporters.JUnitReportReporter -->
<testsuite hostname="DESKTOP-0RPD1E9" failures="0" tests="1" name="testcases" time="0.011" errors="0" timestamp="2022-09-22T17:08:08 PDT" skipped="0">
  <testcase classname="testcases" name="f" time="0.011"/>
  <system-out/>
</testsuite> <!-- testcases -->
