<?xml version="1.0" encoding="UTF-8"?>
<!-- Generated by org.testng.reporters.JUnitReportReporter -->
<testsuite hostname="DESKTOP-0RPD1E9" failures="0" tests="1" name="com.automationscript.ChromeAutomatedTest" time="7.381" errors="0" timestamp="2022-10-01T19:04:27 PDT" skipped="0">
  <testcase classname="com.automationscript.ChromeAutomatedTest" name="chromeautomateddriver" time="7.381"/>
  <system-out/>
</testsuite> <!-- com.automationscript.ChromeAutomatedTest -->
