<?xml version="1.0" encoding="UTF-8"?>
<!-- Generated by org.testng.reporters.JUnitReportReporter -->
<testsuite hostname="DESKTOP-0RPD1E9" failures="0" tests="1" name="com.automationscript.FireFoxAutomatedTest" time="4.577" errors="0" timestamp="2022-10-01T19:04:27 PDT" skipped="0">
  <testcase classname="com.automationscript.FireFoxAutomatedTest" name="firefoxautomateddriver" time="4.577"/>
  <system-out/>
</testsuite> <!-- com.automationscript.FireFoxAutomatedTest -->
