<?xml version="1.0" encoding="UTF-8"?>
<!-- Generated by org.testng.reporters.JUnitReportReporter -->
<testsuite hostname="DESKTOP-0RPD1E9" failures="0" tests="3" name="com.automationscript.TekArchTestContact" time="43.283" errors="0" timestamp="2022-10-01T15:56:35 PDT" skipped="0">
  <testcase classname="com.automationscript.TekArchTestContact" name="TC31" time="15.363"/>
  <system-out/>
  <testcase classname="com.automationscript.TekArchTestContact" name="TC30" time="14.811"/>
  <system-out/>
  <testcase classname="com.automationscript.TekArchTestContact" name="TC32" time="13.109"/>
  <system-out/>
</testsuite> <!-- com.automationscript.TekArchTestContact -->
