<?xml version="1.0" encoding="UTF-8"?>
<!-- Generated by org.testng.reporters.JUnitReportReporter -->
<testsuite hostname="DESKTOP-0RPD1E9" failures="0" tests="2" name="com.automationscript.TeckArchTestsAccount" time="29.054" errors="0" timestamp="2022-10-01T15:56:35 PDT" skipped="0">
  <testcase classname="com.automationscript.TeckArchTestsAccount" name="TC13" time="12.724"/>
  <system-out/>
  <testcase classname="com.automationscript.TeckArchTestsAccount" name="TC14" time="16.330"/>
  <system-out/>
</testsuite> <!-- com.automationscript.TeckArchTestsAccount -->
