<?xml version="1.0" encoding="UTF-8"?>
<!-- Generated by org.testng.reporters.JUnitReportReporter -->
<testsuite hostname="DESKTOP-0RPD1E9" failures="0" tests="6" name="com.automationscript.TeckArchTestsUserMenu" time="87.994" errors="0" timestamp="2022-10-01T15:56:35 PDT" skipped="0">
  <testcase classname="com.automationscript.TeckArchTestsUserMenu" name="TC07" time="15.501"/>
  <system-out/>
  <testcase classname="com.automationscript.TeckArchTestsUserMenu" name="TC09" time="10.051"/>
  <system-out/>
  <testcase classname="com.automationscript.TeckArchTestsUserMenu" name="TC08" time="13.989"/>
  <system-out/>
  <testcase classname="com.automationscript.TeckArchTestsUserMenu" name="TC05" time="9.987"/>
  <system-out/>
  <testcase classname="com.automationscript.TeckArchTestsUserMenu" name="TC06_a" time="19.826"/>
  <system-out/>
  <testcase classname="com.automationscript.TeckArchTestsUserMenu" name="TC06_b" time="18.640"/>
  <system-out/>
</testsuite> <!-- com.automationscript.TeckArchTestsUserMenu -->
