<?xml version="1.0" encoding="UTF-8"?>
<!-- Generated by org.testng.reporters.JUnitReportReporter -->
<testsuite hostname="DESKTOP-0RPD1E9" failures="0" tests="6" name="com.automationscript.TekArchTestRS" time="88.286" errors="0" timestamp="2022-10-01T15:56:35 PDT" skipped="0">
  <testcase classname="com.automationscript.TekArchTestRS" name="TC32" time="12.120"/>
  <system-out/>
  <testcase classname="com.automationscript.TekArchTestRS" name="TC35" time="14.692"/>
  <system-out/>
  <testcase classname="com.automationscript.TekArchTestRS" name="TC33" time="13.494"/>
  <system-out/>
  <testcase classname="com.automationscript.TekArchTestRS" name="TC37" time="14.719"/>
  <system-out/>
  <testcase classname="com.automationscript.TekArchTestRS" name="TC36" time="14.687"/>
  <system-out/>
  <testcase classname="com.automationscript.TekArchTestRS" name="TC34" time="18.574"/>
  <system-out/>
</testsuite> <!-- com.automationscript.TekArchTestRS -->
